::1 - - [15/Dec/2020:03:15:09 +0000] "GET /api/movies HTTP/1.1" 304 -
::1 - - [15/Dec/2020:03:15:09 +0000] "GET /api/movies HTTP/1.1" 304 -
::1 - - [15/Dec/2020:03:15:17 +0000] "GET /api/movies HTTP/1.1" 304 -
::1 - - [15/Dec/2020:03:15:17 +0000] "GET /api/movies HTTP/1.1" 304 -
::1 - - [15/Dec/2020:03:16:49 +0000] "GET /files HTTP/1.1" 404 144
::1 - - [15/Dec/2020:03:16:55 +0000] "GET /files/access.log HTTP/1.1" 404 155
::1 - - [15/Dec/2020:03:17:20 +0000] "GET /files/access.log HTTP/1.1" 404 155
::1 - - [15/Dec/2020:03:17:20 +0000] "GET /files/access.log HTTP/1.1" 404 155
::1 - - [15/Dec/2020:03:17:23 +0000] "GET /files/access.log HTTP/1.1" 404 155
::1 - - [15/Dec/2020:03:17:45 +0000] "GET /admin HTTP/1.1" 404 144
::1 - - [15/Dec/2020:03:17:47 +0000] "GET /access.log HTTP/1.1" 200 726
::1 - - [15/Dec/2020:03:21:42 +0000] "GET /access.log HTTP/1.1" 200 798
::1 - - [15/Dec/2020:04:55:51 +0000] "GET /api/auth/github HTTP/1.1" 302 228
::1 - - [15/Dec/2020:04:56:02 +0000] "GET /api/auth/github/callback?code=76ffeb74d1cc7529d2bd HTTP/1.1" 302 60
::1 - - [15/Dec/2020:04:56:02 +0000] "GET /success HTTP/1.1" 404 146
::1 - - [15/Dec/2020:04:57:35 +0000] "GET /admin HTTP/1.1" 404 144
::1 - - [15/Dec/2020:04:57:36 +0000] "GET /api/movies HTTP/1.1" 304 -
::1 - - [15/Dec/2020:04:57:39 +0000] "GET /api/auth/github HTTP/1.1" 302 228
::1 - - [15/Dec/2020:04:57:41 +0000] "GET /api/auth/github/callback?code=06ab88397a016c6cd096 HTTP/1.1" 302 78
::1 - - [15/Dec/2020:04:59:09 +0000] "GET /api/auth/success HTTP/1.1" - -
::1 - - [15/Dec/2020:04:59:21 +0000] "GET /api/auth/github HTTP/1.1" 302 228
::1 - - [15/Dec/2020:04:59:22 +0000] "GET /api/auth/github/callback?code=16b0b8c617e17e20a7dc HTTP/1.1" 302 78
::1 - - [15/Dec/2020:04:59:46 +0000] "GET /api/auth/success HTTP/1.1" - -
::1 - - [15/Dec/2020:05:17:35 +0000] "GET /api/auth/github HTTP/1.1" 302 228
::1 - - [15/Dec/2020:05:17:36 +0000] "GET /api/auth/github/callback?code=450417a9c538b211bd26 HTTP/1.1" 500 231
::1 - - [15/Dec/2020:05:22:32 +0000] "GET /api/auth/github HTTP/1.1" 302 228
::1 - - [15/Dec/2020:05:22:42 +0000] "GET /api/auth/github/callback?code=3cd0161b9125ff13fe2c HTTP/1.1" 500 231
::1 - - [15/Dec/2020:05:32:30 +0000] "GET /api/movies HTTP/1.1" 304 -
::1 - - [15/Dec/2020:05:32:30 +0000] "GET /api/movies HTTP/1.1" 304 -
::1 - - [15/Dec/2020:05:32:33 +0000] "GET /api/movies HTTP/1.1" 304 -
::1 - - [15/Dec/2020:05:32:33 +0000] "GET /api/movies HTTP/1.1" 304 -
::1 - - [15/Dec/2020:05:32:35 +0000] "GET /api/movies HTTP/1.1" 304 -
::1 - - [15/Dec/2020:05:32:35 +0000] "GET /api/movies HTTP/1.1" 304 -
::1 - - [15/Dec/2020:05:46:18 +0000] "GET /api/movies HTTP/1.1" 304 -
::1 - - [15/Dec/2020:05:46:18 +0000] "GET /api/movies HTTP/1.1" 304 -
::1 - - [15/Dec/2020:06:33:41 +0000] "GET / HTTP/1.1" 200 76
::1 - - [15/Dec/2020:06:33:50 +0000] "GET /log.public HTTP/1.1" 200 2787
::1 - - [15/Dec/2020:06:34:54 +0000] "GET /access.log HTTP/1.1" 200 2860
